Using pre-set license
Built from '2022.3/staging' branch; Version is '2022.3.16f1 (d2c21f0ef2f1) revision 13812255'; Using compiler version '192829333'; Build Type 'Release'
OS: 'Windows 11  (10.0.22621) 64bit Core' Language: 'en' Physical Memory: 15720 MB
BatchMode: 1, IsHumanControllingUs: 0, StartBugReporterOnCrash: 0, Is64bit: 1, IsPro: 1

COMMAND LINE ARGUMENTS:
C:\Program Files\Unity\Hub\Editor\2022.3.16f1\Editor\Unity.exe
-adb2
-batchMode
-noUpm
-name
AssetImportWorker0
-projectPath
C:/Users/Poki/Documents/200 Study/Cha Chaan Teng VR
-logFile
Logs/AssetImportWorker0.log
-srvPort
51526
Successfully changed project path to: C:/Users/Poki/Documents/200 Study/Cha Chaan Teng VR
C:/Users/Poki/Documents/200 Study/Cha Chaan Teng VR
[UnityMemory] Configuration Parameters - Can be set up in boot.config
    "memorysetup-bucket-allocator-granularity=16"
    "memorysetup-bucket-allocator-bucket-count=8"
    "memorysetup-bucket-allocator-block-size=33554432"
    "memorysetup-bucket-allocator-block-count=8"
    "memorysetup-main-allocator-block-size=16777216"
    "memorysetup-thread-allocator-block-size=16777216"
    "memorysetup-gfx-main-allocator-block-size=16777216"
    "memorysetup-gfx-thread-allocator-block-size=16777216"
    "memorysetup-cache-allocator-block-size=4194304"
    "memorysetup-typetree-allocator-block-size=2097152"
    "memorysetup-profiler-bucket-allocator-granularity=16"
    "memorysetup-profiler-bucket-allocator-bucket-count=8"
    "memorysetup-profiler-bucket-allocator-block-size=33554432"
    "memorysetup-profiler-bucket-allocator-block-count=8"
    "memorysetup-profiler-allocator-block-size=16777216"
    "memorysetup-profiler-editor-allocator-block-size=1048576"
    "memorysetup-temp-allocator-size-main=16777216"
    "memorysetup-job-temp-allocator-block-size=2097152"
    "memorysetup-job-temp-allocator-block-size-background=1048576"
    "memorysetup-job-temp-allocator-reduction-small-platforms=262144"
    "memorysetup-allocator-temp-initial-block-size-main=262144"
    "memorysetup-allocator-temp-initial-block-size-worker=262144"
    "memorysetup-temp-allocator-size-background-worker=32768"
    "memorysetup-temp-allocator-size-job-worker=262144"
    "memorysetup-temp-allocator-size-preload-manager=33554432"
    "memorysetup-temp-allocator-size-nav-mesh-worker=65536"
    "memorysetup-temp-allocator-size-audio-worker=65536"
    "memorysetup-temp-allocator-size-cloud-worker=32768"
    "memorysetup-temp-allocator-size-gi-baking-worker=262144"
    "memorysetup-temp-allocator-size-gfx=262144"
Player connection [12532] Host "[IP] 192.168.2.27 [Port] 0 [Flags] 2 [Guid] 815409392 [EditorId] 815409392 [Version] 1048832 [Id] WindowsEditor(7,DESKTOP-U7H9K66) [Debug] 1 [PackageName] WindowsEditor [ProjectName] Editor" joined multi-casting on [225.0.0.222:54997]...

Player connection [12532] Host "[IP] 192.168.2.27 [Port] 0 [Flags] 2 [Guid] 815409392 [EditorId] 815409392 [Version] 1048832 [Id] WindowsEditor(7,DESKTOP-U7H9K66) [Debug] 1 [PackageName] WindowsEditor [ProjectName] Editor" joined alternative multi-casting on [225.0.0.222:34997]...

[Physics::Module] Initialized MultithreadedJobDispatcher with 15 workers.
Refreshing native plugins compatible for Editor in 37.99 ms, found 12 plugins.
Preloading 1 native plugins for Editor in 0.87 ms.
Initialize engine version: 2022.3.16f1 (d2c21f0ef2f1)
[Subsystems] Discovering subsystems at path C:/Program Files/Unity/Hub/Editor/2022.3.16f1/Editor/Data/Resources/UnitySubsystems
[Subsystems] Discovering subsystems at path C:/Users/Poki/Documents/200 Study/Cha Chaan Teng VR/Assets
GfxDevice: creating device client; threaded=0; jobified=0
Direct3D:
    Version:  Direct3D 11.0 [level 11.1]
    Renderer: NVIDIA GeForce RTX 3060 Laptop GPU (ID=0x2560)
    Vendor:   NVIDIA
    VRAM:     6009 MB
    Driver:   31.0.15.2879
Initialize mono
Mono path[0] = 'C:/Program Files/Unity/Hub/Editor/2022.3.16f1/Editor/Data/Managed'
Mono path[1] = 'C:/Program Files/Unity/Hub/Editor/2022.3.16f1/Editor/Data/MonoBleedingEdge/lib/mono/unityjit-win32'
Mono config path = 'C:/Program Files/Unity/Hub/Editor/2022.3.16f1/Editor/Data/MonoBleedingEdge/etc'
Using monoOptions --debugger-agent=transport=dt_socket,embedding=1,server=y,suspend=n,address=127.0.0.1:56116
Begin MonoManager ReloadAssembly
Registering precompiled unity dll's ...
Register platform support module: C:/Program Files/Unity/Hub/Editor/2022.3.16f1/Editor/Data/PlaybackEngines/WindowsStandaloneSupport/UnityEditor.WindowsStandalone.Extensions.dll
Registered in 0.009791 seconds.
- Loaded All Assemblies, in  0.560 seconds
Native extension for WindowsStandalone target not found
Mono: successfully reloaded assembly
- Finished resetting the current domain, in  0.431 seconds
Domain Reload Profiling: 989ms
	BeginReloadAssembly (171ms)
		ExecutionOrderSort (0ms)
		DisableScriptedObjects (0ms)
		BackupInstance (0ms)
		ReleaseScriptingObjects (0ms)
		CreateAndSetChildDomain (1ms)
	RebuildCommonClasses (58ms)
	RebuildNativeTypeToScriptingClass (19ms)
	initialDomainReloadingComplete (85ms)
	LoadAllAssembliesAndSetupDomain (225ms)
		LoadAssemblies (169ms)
		RebuildTransferFunctionScriptingTraits (0ms)
		AnalyzeDomain (221ms)
			TypeCache.Refresh (219ms)
				TypeCache.ScanAssembly (200ms)
			ScanForSourceGeneratedMonoScriptInfo (0ms)
			ResolveRequiredComponents (1ms)
	FinalizeReload (432ms)
		ReleaseScriptCaches (0ms)
		RebuildScriptCaches (0ms)
		SetupLoadedEditorAssemblies (337ms)
			LogAssemblyErrors (0ms)
			InitializePlatformSupportModulesInManaged (13ms)
			SetLoadedEditorAssemblies (10ms)
			RefreshPlugins (0ms)
			BeforeProcessingInitializeOnLoad (3ms)
			ProcessInitializeOnLoadAttributes (231ms)
			ProcessInitializeOnLoadMethodAttributes (81ms)
			AfterProcessingInitializeOnLoad (0ms)
			EditorAssembliesLoaded (0ms)
		ExecutionOrderSort2 (0ms)
		AwakeInstancesAfterBackupRestoration (0ms)
========================================================================
Worker process is ready to serve import requests
Begin MonoManager ReloadAssembly
- Loaded All Assemblies, in  0.963 seconds
Refreshing native plugins compatible for Editor in 28.74 ms, found 12 plugins.
Native extension for WindowsStandalone target not found
Package Manager log level set to [2]
[Package Manager] Server::EnsureServerProcessIsRunning -- launch failed, reason: Unity was launched with the -noUpm command-line argument
[Package Manager] UpmClient::Send -- Unable to send message (not connected to UPM process).
[Package Manager] Cannot connect to Unity Package Manager local server
[Package Manager] Server::EnsureServerProcessIsRunning -- launch failed, reason: Unity was launched with the -noUpm command-line argument
[Package Manager] UpmClient::Send -- Unable to send message (not connected to UPM process).
[Package Manager] Cannot connect to Unity Package Manager local server
System.Reflection.TargetInvocationException: Exception has been thrown by the target of an invocation. ---> System.NullReferenceException: Object reference not set to an instance of an object
  at Unity.XR.Oculus.OculusLoader.AssetPathToAbsolutePath (System.String assetPath) [0x00040] in .\Library\PackageCache\com.unity.xr.oculus@4.1.2\Runtime\OculusLoader.cs:287 
  at Unity.XR.Oculus.OculusLoader.EditorLoadOVRPlugin () [0x00084] in .\Library\PackageCache\com.unity.xr.oculus@4.1.2\Runtime\OculusLoader.cs:272 
  at (wrapper managed-to-native) System.Reflection.RuntimeMethodInfo.InternalInvoke(System.Reflection.RuntimeMethodInfo,object,object[],System.Exception&)
  at System.Reflection.RuntimeMethodInfo.Invoke (System.Object obj, System.Reflection.BindingFlags invokeAttr, System.Reflection.Binder binder, System.Object[] parameters, System.Globalization.CultureInfo culture) [0x0006a] in <17d9ce77f27a4bd2afb5ba32c9bea976>:0 
   --- End of inner exception stack trace ---
  at System.Reflection.RuntimeMethodInfo.Invoke (System.Object obj, System.Reflection.BindingFlags invokeAttr, System.Reflection.Binder binder, System.Object[] parameters, System.Globalization.CultureInfo culture) [0x00083] in <17d9ce77f27a4bd2afb5ba32c9bea976>:0 
  at System.Reflection.MethodBase.Invoke (System.Object obj, System.Object[] parameters) [0x00000] in <17d9ce77f27a4bd2afb5ba32c9bea976>:0 
  at UnityEditor.EditorAssemblies.ProcessInitializeOnLoadMethodAttributes () [0x000a5] in <78fe3e0b66cf40fc8dbec96aa3584483>:0 
UnityEngine.StackTraceUtility:ExtractStackTrace ()
UnityEngine.DebugLogHandler:LogFormat (UnityEngine.LogType,UnityEngine.Object,string,object[])
UnityEngine.Logger:Log (UnityEngine.LogType,object)
UnityEngine.Debug:LogError (object)
UnityEditor.EditorAssemblies:ProcessInitializeOnLoadMethodAttributes ()

Mono: successfully reloaded assembly
[Package Manager] Server::EnsureServerProcessIsRunning -- launch failed, reason: Unity was launched with the -noUpm command-line argument
[Package Manager] UpmClient::Send -- Unable to send message (not connected to UPM process).
[Package Manager] Cannot connect to Unity Package Manager local server
[Package Manager] Server::EnsureServerProcessIsRunning -- launch failed, reason: Unity was launched with the -noUpm command-line argument
[Package Manager] UpmClient::Send -- Unable to send message (not connected to UPM process).
[Package Manager] Cannot connect to Unity Package Manager local server
- Finished resetting the current domain, in  1.330 seconds
Domain Reload Profiling: 2290ms
	BeginReloadAssembly (219ms)
		ExecutionOrderSort (0ms)
		DisableScriptedObjects (7ms)
		BackupInstance (0ms)
		ReleaseScriptingObjects (0ms)
		CreateAndSetChildDomain (37ms)
	RebuildCommonClasses (59ms)
	RebuildNativeTypeToScriptingClass (15ms)
	initialDomainReloadingComplete (41ms)
	LoadAllAssembliesAndSetupDomain (625ms)
		LoadAssemblies (422ms)
		RebuildTransferFunctionScriptingTraits (0ms)
		AnalyzeDomain (329ms)
			TypeCache.Refresh (235ms)
				TypeCache.ScanAssembly (209ms)
			ScanForSourceGeneratedMonoScriptInfo (49ms)
			ResolveRequiredComponents (41ms)
	FinalizeReload (1331ms)
		ReleaseScriptCaches (0ms)
		RebuildScriptCaches (0ms)
		SetupLoadedEditorAssemblies (1022ms)
			LogAssemblyErrors (0ms)
			InitializePlatformSupportModulesInManaged (11ms)
			SetLoadedEditorAssemblies (6ms)
			RefreshPlugins (0ms)
			BeforeProcessingInitializeOnLoad (152ms)
			ProcessInitializeOnLoadAttributes (683ms)
			ProcessInitializeOnLoadMethodAttributes (162ms)
			AfterProcessingInitializeOnLoad (8ms)
			EditorAssembliesLoaded (1ms)
		ExecutionOrderSort2 (0ms)
		AwakeInstancesAfterBackupRestoration (11ms)
Launched and connected shader compiler UnityShaderCompiler.exe after 0.06 seconds
Refreshing native plugins compatible for Editor in 20.99 ms, found 12 plugins.
Preloading 1 native plugins for Editor in 0.09 ms.
Unloading 6979 Unused Serialized files (Serialized files now loaded: 0)
Unloading 146 unused Assets / (370.5 KB). Loaded Objects now: 7438.
Memory consumption went from 255.0 MB to 254.6 MB.
Total: 6.501600 ms (FindLiveObjects: 0.822300 ms CreateObjectMapping: 0.345700 ms MarkObjects: 4.934900 ms  DeleteObjects: 0.397100 ms)

AssetImportParameters requested are different than current active one (requested -> active):
  custom:container-demuxer-ogg: 62fdf1f143b41e24485cea50d1cbac27 -> 
  custom:framework-win-MediaFoundation: 216162199b28c13a410421893ffa2e32 -> 
  custom:container-muxer-webm: aa71ff27fc2769a1b78a27578f13a17b -> 
  custom:video-decoder-webm-vp8: 9c59270c3fd7afecdb556c50c9e8de78 -> 
  custom:SearchIndexIgnoredProperties: e643bd26f0fe6173181afceb89e7c659 -> 
  custom:AudioImporter_EditorPlatform: d09bf68614088b80899f8185d706f6e7 -> 
  custom:audio-decoder-ogg-vorbis: bf7c407c2cedff20999df2af8eb42d56 -> 
  custom:audio-encoder-webm-vorbis: bf7c407c2cedff20999df2af8eb42d56 -> 
  custom:video-codec-MediaFoundation-h265: 746d11721c4dcdbdad8f713fa42b33f4 -> 
  custom:video-decoder-ogg-theora: a1e56fd34408186e4bbccfd4996cb3dc -> 
  custom:CustomObjectIndexerAttribute: 4d1d7186bcbbfe361de5f0ad951e585c -> 
  custom:container-demuxer-webm: 4f35f7cbe854078d1ac9338744f61a02 -> 
  custom:video-encoder-webm-vp8: eb34c28f22e8b96e1ab97ce403110664 -> 
========================================================================
Received Import Request.
  Time since last request: 61025.535147 seconds.
  path: Assets/BNG Framework/Sounds/metal.wav
  artifactKey: Guid(2bade6f2da8b58943974fb39b460192b) Importer(815301076,1909f56bfc062723c751e8b465ee728b)
Start importing Assets/BNG Framework/Sounds/metal.wav using Guid(2bade6f2da8b58943974fb39b460192b) Importer(815301076,1909f56bfc062723c751e8b465ee728b)  -> (artifact id: '7e3e4d91aaeed18d1dbb4537c6e73b4d') in 0.130922 seconds
Number of updated asset objects reloaded before import = 0
Number of asset objects unloaded after import = 2
========================================================================
Received Import Request.
  Time since last request: 65.448917 seconds.
  path: Assets/Models/Mall
  artifactKey: Guid(a2cf36ff20692574b8446fe40f920385) Importer(815301076,1909f56bfc062723c751e8b465ee728b)
Start importing Assets/Models/Mall using Guid(a2cf36ff20692574b8446fe40f920385) Importer(815301076,1909f56bfc062723c751e8b465ee728b)  -> (artifact id: '9f457d413784b027f64975962b89eeeb') in 0.001127 seconds
Number of updated asset objects reloaded before import = 0
Number of asset objects unloaded after import = 0
========================================================================
Received Import Request.
  Time since last request: 0.436861 seconds.
  path: Assets/Models/patch0408.fbx
  artifactKey: Guid(3806782591e14432ca8a3408e59987a2) Importer(815301076,1909f56bfc062723c751e8b465ee728b)
Start importing Assets/Models/patch0408.fbx using Guid(3806782591e14432ca8a3408e59987a2) Importer(815301076,1909f56bfc062723c751e8b465ee728b)  -> (artifact id: 'ff5f63180598f378599146a2b8d91e46') in 1.051578 seconds
Number of updated asset objects reloaded before import = 0
Number of asset objects unloaded after import = 265
========================================================================
Received Import Request.
  Time since last request: 0.087146 seconds.
  path: Assets/Models/ricebox.fbx
  artifactKey: Guid(6f2a621a3c16b2f4dac47a43ffbd0126) Importer(815301076,1909f56bfc062723c751e8b465ee728b)
Start importing Assets/Models/ricebox.fbx using Guid(6f2a621a3c16b2f4dac47a43ffbd0126) Importer(815301076,1909f56bfc062723c751e8b465ee728b)  -> (artifact id: 'a00b4c14c47ec1ba0eda856b667f40ab') in 0.067775 seconds
Number of updated asset objects reloaded before import = 0
Number of asset objects unloaded after import = 29
========================================================================
Received Import Request.
  Time since last request: 29.289825 seconds.
  path: Assets/BNG Framework/Prefabs
  artifactKey: Guid(13525ee67fdf9a942ae59545c80f12c2) Importer(815301076,1909f56bfc062723c751e8b465ee728b)
Start importing Assets/BNG Framework/Prefabs using Guid(13525ee67fdf9a942ae59545c80f12c2) Importer(815301076,1909f56bfc062723c751e8b465ee728b)  -> (artifact id: '24565378169d522273df966869326c19') in 0.007141 seconds
Number of updated asset objects reloaded before import = 0
Number of asset objects unloaded after import = 0
========================================================================
Received Import Request.
  Time since last request: 0.566744 seconds.
  path: Assets/Plugins/polyperfect/Low Poly Animated People/- Prefabs
  artifactKey: Guid(1dafaf724e62a45409a18189abc19f82) Importer(815301076,1909f56bfc062723c751e8b465ee728b)
Start importing Assets/Plugins/polyperfect/Low Poly Animated People/- Prefabs using Guid(1dafaf724e62a45409a18189abc19f82) Importer(815301076,1909f56bfc062723c751e8b465ee728b)  -> (artifact id: '5a989716bcf9c8a531fddc6b72448fe3') in 0.000685 seconds
Number of updated asset objects reloaded before import = 0
Number of asset objects unloaded after import = 0
========================================================================
Received Import Request.
  Time since last request: 0.919849 seconds.
  path: Assets/BNG Framework/HandPoser/Prefabs
  artifactKey: Guid(d74d496e49bf0eb42a163a1a655ee8c0) Importer(815301076,1909f56bfc062723c751e8b465ee728b)
Start importing Assets/BNG Framework/HandPoser/Prefabs using Guid(d74d496e49bf0eb42a163a1a655ee8c0) Importer(815301076,1909f56bfc062723c751e8b465ee728b)  -> (artifact id: '20999331f403c2e110804d36180ec2f8') in 0.000891 seconds
Number of updated asset objects reloaded before import = 0
Number of asset objects unloaded after import = 0
========================================================================
Received Import Request.
  Time since last request: 0.972671 seconds.
  path: Assets/Plugins/Pixel Crushers/Dialogue System/Demo/Prefabs
  artifactKey: Guid(177196c2cab70df459ba4259593149bd) Importer(815301076,1909f56bfc062723c751e8b465ee728b)
Start importing Assets/Plugins/Pixel Crushers/Dialogue System/Demo/Prefabs using Guid(177196c2cab70df459ba4259593149bd) Importer(815301076,1909f56bfc062723c751e8b465ee728b)  -> (artifact id: '6153fe080e36255acbd857d59e80c98f') in 0.000846 seconds
Number of updated asset objects reloaded before import = 0
Number of asset objects unloaded after import = 0
========================================================================
Received Import Request.
  Time since last request: 1.600300 seconds.
  path: Assets/Plugins/Pixel Crushers/Dialogue System/Prefabs
  artifactKey: Guid(a53905e94ae5caf4688b53dccfc26b17) Importer(815301076,1909f56bfc062723c751e8b465ee728b)
Start importing Assets/Plugins/Pixel Crushers/Dialogue System/Prefabs using Guid(a53905e94ae5caf4688b53dccfc26b17) Importer(815301076,1909f56bfc062723c751e8b465ee728b)  -> (artifact id: 'b68043c91b6b09de1fc9697b87f81fbc') in 0.000852 seconds
Number of updated asset objects reloaded before import = 0
Number of asset objects unloaded after import = 0
========================================================================
Received Import Request.
  Time since last request: 0.593713 seconds.
  path: Assets/Plugins/PolygonCity/Prefabs
  artifactKey: Guid(719f0ae4e975aeb47af8210fbafd273a) Importer(815301076,1909f56bfc062723c751e8b465ee728b)
Start importing Assets/Plugins/PolygonCity/Prefabs using Guid(719f0ae4e975aeb47af8210fbafd273a) Importer(815301076,1909f56bfc062723c751e8b465ee728b)  -> (artifact id: '775dc0d7cbc89ee423ec08bfafc771ff') in 0.000811 seconds
Number of updated asset objects reloaded before import = 0
Number of asset objects unloaded after import = 0
========================================================================
Received Import Request.
  Time since last request: 504.131937 seconds.
  path: Assets/Prefabs/ladle.prefab
  artifactKey: Guid(1d79d07966a17084baf2859eeea205c6) Importer(815301076,1909f56bfc062723c751e8b465ee728b)
Start importing Assets/Prefabs/ladle.prefab using Guid(1d79d07966a17084baf2859eeea205c6) Importer(815301076,1909f56bfc062723c751e8b465ee728b)  -> (artifact id: '93d84fa7d0d2dea88240e9313acabcf1') in 0.035534 seconds
Number of updated asset objects reloaded before import = 0
Number of asset objects unloaded after import = 9
========================================================================
Received Import Request.
  Time since last request: 2084.526166 seconds.
  path: Assets/Prefabs/drink.prefab
  artifactKey: Guid(17bfcaa02ab441341b1599a789c8c943) Importer(815301076,1909f56bfc062723c751e8b465ee728b)
Start importing Assets/Prefabs/drink.prefab using Guid(17bfcaa02ab441341b1599a789c8c943) Importer(815301076,1909f56bfc062723c751e8b465ee728b)  -> (artifact id: 'ee337027853eaf83fe2c1054190f9e83') in 0.107457 seconds
Number of updated asset objects reloaded before import = 0
Number of asset objects unloaded after import = 10
========================================================================
Received Import Request.
  Time since last request: 538.448614 seconds.
  path: Assets/Models/patch0408.fbx
  artifactKey: Guid(3806782591e14432ca8a3408e59987a2) Importer(815301076,1909f56bfc062723c751e8b465ee728b)
Start importing Assets/Models/patch0408.fbx using Guid(3806782591e14432ca8a3408e59987a2) Importer(815301076,1909f56bfc062723c751e8b465ee728b)  -> (artifact id: '45730c37c4dc33a19b421b3ea8e0f518') in 0.927953 seconds
Number of updated asset objects reloaded before import = 0
Number of asset objects unloaded after import = 265
========================================================================
Received Import Request.
  Time since last request: 6.174545 seconds.
  path: Assets/Models/Mall/mall 0514.fbx
  artifactKey: Guid(d1a5c9b70b9988f4db5fecdf60e52ba9) Importer(815301076,1909f56bfc062723c751e8b465ee728b)
Start importing Assets/Models/Mall/mall 0514.fbx using Guid(d1a5c9b70b9988f4db5fecdf60e52ba9) Importer(815301076,1909f56bfc062723c751e8b465ee728b)  -> (artifact id: '8b3afa52280185e532c1a775abb0cbba') in 4.805773 seconds
Number of updated asset objects reloaded before import = 0
Number of asset objects unloaded after import = 4329
